<?xml version="1.0" encoding="UTF-8"?>
<!-- Generated by org.testng.reporters.JUnitReportReporter -->
<testsuite skipped="0" hostname="LAPTOP-P8PITMUG" name="TestCases.T001_Screenshot" tests="1" failures="0" timestamp="2020-05-20T00:33:27 EDT" time="12.176" errors="0">
  <testcase name="screenShot" time="12.176" classname="TestCases.T001_Screenshot"/>
</testsuite> <!-- TestCases.T001_Screenshot -->
